<?xml version="1.0" encoding="UTF-8"?>
<robot generator="Robot 7.0 (Python 3.10.12 on linux)" generated="2024-02-15T22:55:39.548022" rpa="false" schemaversion="5">
<suite id="s1" name="Click" source="/home/nyc/Documents/QAx/projects/yodapp-robot/tests/click.robot">
<test id="s1-t1" name="Deve abrir a tela principal" line="5">
<kw name="Open Application" owner="AppiumLibrary">
<arg>http://localhost:4723</arg>
<arg>platformName=Android</arg>
<arg>deviceName=Android Emulator</arg>
<arg>automationName=UIAutomator2</arg>
<arg>app=${EXECDIR}/app/yodapp-beta.apk</arg>
<arg>udid=emulator-5554</arg>
<arg>autoGrantPermissions=true</arg>
<doc>Opens a new application to given Appium server.
Capabilities of appium server, Android and iOS,
Please check https://github.com/appium/appium/blob/master/docs/en/writing-running-appium/server-args.md
| *Option*            | *Man.* | *Description*     |
| remote_url          | Yes    | Appium server url |
| alias               | no     | alias             |
| strict_ssl          | No     | allows you to send commands to an invalid certificate host like a self-signed one. |</doc>
<status status="PASS" start="2024-02-15T22:55:39.678939" elapsed="4.801251"/>
</kw>
<kw name="Wait Until Page Contains" owner="AppiumLibrary">
<arg>Yodapp</arg>
<doc>Waits until `text` appears on current page.</doc>
<status status="PASS" start="2024-02-15T22:55:44.480502" elapsed="5.730208"/>
</kw>
<kw name="Log" owner="BuiltIn">
<msg time="2024-02-15T22:55:50.211201" level="INFO">Antes do clique</msg>
<arg>Antes do clique</arg>
<doc>Logs the given message with the given level.</doc>
<status status="PASS" start="2024-02-15T22:55:50.210942" elapsed="0.000354"/>
</kw>
<kw name="Click Element" owner="AppiumLibrary">
<msg time="2024-02-15T22:55:50.213176" level="INFO">Clicking element 'xpath=/hierarchy/android.widget.FrameLayout/android.widget.LinearLayout/android.widget.FrameLayout/android.widget.LinearLayout/android.widget.FrameLayout/android.widget.LinearLayout/android.widget.LinearLayout/android.widget.LinearLayout/android.widget.TextSwitcher/android.widget.Button'.</msg>
<msg time="2024-02-15T22:55:51.403561" level="INFO">xpath criteria: /hierarchy/android.widget.FrameLayout/android.widget.LinearLayout/android.widget.FrameLayout/android.widget.LinearLayout/android.widget.FrameLayout/android.widget.LinearLayout/android.widget.LinearLayout/android.widget.LinearLayout/android.widget.TextSwitcher/android.widget.Button</msg>
<arg>xpath=/hierarchy/android.widget.FrameLayout/android.widget.LinearLayout/android.widget.FrameLayout/android.widget.LinearLayout/android.widget.FrameLayout/android.widget.LinearLayout/android.widget.LinearLayout/android.widget.LinearLayout/android.widget.TextSwitcher/android.widget.Button</arg>
<doc>Click element identified by `locator`.</doc>
<status status="PASS" start="2024-02-15T22:55:50.211571" elapsed="1.192125"/>
</kw>
<kw name="Log" owner="BuiltIn">
<msg time="2024-02-15T22:55:51.404324" level="INFO">Depois do clique</msg>
<arg>Depois do clique</arg>
<doc>Logs the given message with the given level.</doc>
<status status="PASS" start="2024-02-15T22:55:51.404103" elapsed="0.000292"/>
</kw>
<kw name="Sleep" owner="BuiltIn">
<msg time="2024-02-15T22:55:56.405011" level="INFO">Slept 5 seconds.</msg>
<arg>5</arg>
<doc>Pauses the test executed for the given time.</doc>
<status status="PASS" start="2024-02-15T22:55:51.404652" elapsed="5.000548"/>
</kw>
<kw name="Close Application" owner="AppiumLibrary">
<doc>Closes the current application and also close webdriver session.</doc>
<status status="PASS" start="2024-02-15T22:55:56.405555" elapsed="0.290609"/>
</kw>
<status status="PASS" start="2024-02-15T22:55:39.678296" elapsed="17.018204"/>
</test>
<status status="PASS" start="2024-02-15T22:55:39.548806" elapsed="17.148381"/>
</suite>
<statistics>
<total>
<stat pass="1" fail="0" skip="0">All Tests</stat>
</total>
<tag>
</tag>
<suite>
<stat pass="1" fail="0" skip="0" id="s1" name="Click">Click</stat>
</suite>
</statistics>
<errors>
</errors>
</robot>
